<!DOCTYPE html>
<html>
  <head>
    <meta charset="utf-8"/>
    <title>report.html</title>
    <link href="assets/style.css" rel="stylesheet" type="text/css"/></head>
  <body onLoad="init()">
    <script>/* This Source Code Form is subject to the terms of the Mozilla Public
 * License, v. 2.0. If a copy of the MPL was not distributed with this file,
 * You can obtain one at http://mozilla.org/MPL/2.0/. */


function toArray(iter) {
    if (iter === null) {
        return null;
    }
    return Array.prototype.slice.call(iter);
}

function find(selector, elem) { // eslint-disable-line no-redeclare
    if (!elem) {
        elem = document;
    }
    return elem.querySelector(selector);
}

function findAll(selector, elem) {
    if (!elem) {
        elem = document;
    }
    return toArray(elem.querySelectorAll(selector));
}

function sortColumn(elem) {
    toggleSortStates(elem);
    const colIndex = toArray(elem.parentNode.childNodes).indexOf(elem);
    let key;
    if (elem.classList.contains('result')) {
        key = keyResult;
    } else if (elem.classList.contains('links')) {
        key = keyLink;
    } else {
        key = keyAlpha;
    }
    sortTable(elem, key(colIndex));
}

function showAllExtras() { // eslint-disable-line no-unused-vars
    findAll('.col-result').forEach(showExtras);
}

function hideAllExtras() { // eslint-disable-line no-unused-vars
    findAll('.col-result').forEach(hideExtras);
}

function showExtras(colresultElem) {
    const extras = colresultElem.parentNode.nextElementSibling;
    const expandcollapse = colresultElem.firstElementChild;
    extras.classList.remove('collapsed');
    expandcollapse.classList.remove('expander');
    expandcollapse.classList.add('collapser');
}

function hideExtras(colresultElem) {
    const extras = colresultElem.parentNode.nextElementSibling;
    const expandcollapse = colresultElem.firstElementChild;
    extras.classList.add('collapsed');
    expandcollapse.classList.remove('collapser');
    expandcollapse.classList.add('expander');
}

function showFilters() {
    let visibleString = getQueryParameter('visible') || 'all';
    visibleString = visibleString.toLowerCase();
    const checkedItems = visibleString.split(',');

    const filterItems = document.getElementsByClassName('filter');
    for (let i = 0; i < filterItems.length; i++) {
        filterItems[i].hidden = false;

        if (visibleString != 'all') {
            filterItems[i].checked = checkedItems.includes(filterItems[i].getAttribute('data-test-result'));
            filterTable(filterItems[i]);
        }
    }
}

function addCollapse() {
    // Add links for show/hide all
    const resulttable = find('table#results-table');
    const showhideall = document.createElement('p');
    showhideall.innerHTML = '<a href="javascript:showAllExtras()">Show all details</a> / ' +
                            '<a href="javascript:hideAllExtras()">Hide all details</a>';
    resulttable.parentElement.insertBefore(showhideall, resulttable);

    // Add show/hide link to each result
    findAll('.col-result').forEach(function(elem) {
        const collapsed = getQueryParameter('collapsed') || 'Passed';
        const extras = elem.parentNode.nextElementSibling;
        const expandcollapse = document.createElement('span');
        if (extras.classList.contains('collapsed')) {
            expandcollapse.classList.add('expander');
        } else if (collapsed.includes(elem.innerHTML)) {
            extras.classList.add('collapsed');
            expandcollapse.classList.add('expander');
        } else {
            expandcollapse.classList.add('collapser');
        }
        elem.appendChild(expandcollapse);

        elem.addEventListener('click', function(event) {
            if (event.currentTarget.parentNode.nextElementSibling.classList.contains('collapsed')) {
                showExtras(event.currentTarget);
            } else {
                hideExtras(event.currentTarget);
            }
        });
    });
}

function getQueryParameter(name) {
    const match = RegExp('[?&]' + name + '=([^&]*)').exec(window.location.search);
    return match && decodeURIComponent(match[1].replace(/\+/g, ' '));
}

function init () { // eslint-disable-line no-unused-vars
    resetSortHeaders();

    addCollapse();

    showFilters();

    sortColumn(find('.initial-sort'));

    findAll('.sortable').forEach(function(elem) {
        elem.addEventListener('click',
            function() {
                sortColumn(elem);
            }, false);
    });
}

function sortTable(clicked, keyFunc) {
    const rows = findAll('.results-table-row');
    const reversed = !clicked.classList.contains('asc');
    const sortedRows = sort(rows, keyFunc, reversed);
    /* Whole table is removed here because browsers acts much slower
     * when appending existing elements.
     */
    const thead = document.getElementById('results-table-head');
    document.getElementById('results-table').remove();
    const parent = document.createElement('table');
    parent.id = 'results-table';
    parent.appendChild(thead);
    sortedRows.forEach(function(elem) {
        parent.appendChild(elem);
    });
    document.getElementsByTagName('BODY')[0].appendChild(parent);
}

function sort(items, keyFunc, reversed) {
    const sortArray = items.map(function(item, i) {
        return [keyFunc(item), i];
    });

    sortArray.sort(function(a, b) {
        const keyA = a[0];
        const keyB = b[0];

        if (keyA == keyB) return 0;

        if (reversed) {
            return keyA < keyB ? 1 : -1;
        } else {
            return keyA > keyB ? 1 : -1;
        }
    });

    return sortArray.map(function(item) {
        const index = item[1];
        return items[index];
    });
}

function keyAlpha(colIndex) {
    return function(elem) {
        return elem.childNodes[1].childNodes[colIndex].firstChild.data.toLowerCase();
    };
}

function keyLink(colIndex) {
    return function(elem) {
        const dataCell = elem.childNodes[1].childNodes[colIndex].firstChild;
        return dataCell == null ? '' : dataCell.innerText.toLowerCase();
    };
}

function keyResult(colIndex) {
    return function(elem) {
        const strings = ['Error', 'Failed', 'Rerun', 'XFailed', 'XPassed',
            'Skipped', 'Passed'];
        return strings.indexOf(elem.childNodes[1].childNodes[colIndex].firstChild.data);
    };
}

function resetSortHeaders() {
    findAll('.sort-icon').forEach(function(elem) {
        elem.parentNode.removeChild(elem);
    });
    findAll('.sortable').forEach(function(elem) {
        const icon = document.createElement('div');
        icon.className = 'sort-icon';
        icon.textContent = 'vvv';
        elem.insertBefore(icon, elem.firstChild);
        elem.classList.remove('desc', 'active');
        elem.classList.add('asc', 'inactive');
    });
}

function toggleSortStates(elem) {
    //if active, toggle between asc and desc
    if (elem.classList.contains('active')) {
        elem.classList.toggle('asc');
        elem.classList.toggle('desc');
    }

    //if inactive, reset all other functions and add ascending active
    if (elem.classList.contains('inactive')) {
        resetSortHeaders();
        elem.classList.remove('inactive');
        elem.classList.add('active');
    }
}

function isAllRowsHidden(value) {
    return value.hidden == false;
}

function filterTable(elem) { // eslint-disable-line no-unused-vars
    const outcomeAtt = 'data-test-result';
    const outcome = elem.getAttribute(outcomeAtt);
    const classOutcome = outcome + ' results-table-row';
    const outcomeRows = document.getElementsByClassName(classOutcome);

    for(let i = 0; i < outcomeRows.length; i++){
        outcomeRows[i].hidden = !elem.checked;
    }

    const rows = findAll('.results-table-row').filter(isAllRowsHidden);
    const allRowsHidden = rows.length == 0 ? true : false;
    const notFoundMessage = document.getElementById('not-found-message');
    notFoundMessage.hidden = !allRowsHidden;
}
</script>
    <h1>report.html</h1>
    <p>Report generated on 23-Aug-2023 at 13:16:13 by <a href="https://pypi.python.org/pypi/pytest-html">pytest-html</a> v3.2.0</p>
    <h2>Summary</h2>
    <p>0 tests ran in 10.39 seconds. </p>
    <p class="filter" hidden="true">(Un)check the boxes to filter the results.</p><input checked="true" class="filter" data-test-result="passed" disabled="true" hidden="true" name="filter_checkbox" onChange="filterTable(this)" type="checkbox"/><span class="passed">0 passed</span>, <input checked="true" class="filter" data-test-result="skipped" disabled="true" hidden="true" name="filter_checkbox" onChange="filterTable(this)" type="checkbox"/><span class="skipped">0 skipped</span>, <input checked="true" class="filter" data-test-result="failed" disabled="true" hidden="true" name="filter_checkbox" onChange="filterTable(this)" type="checkbox"/><span class="failed">0 failed</span>, <input checked="true" class="filter" data-test-result="error" hidden="true" name="filter_checkbox" onChange="filterTable(this)" type="checkbox"/><span class="error">6 errors</span>, <input checked="true" class="filter" data-test-result="xfailed" disabled="true" hidden="true" name="filter_checkbox" onChange="filterTable(this)" type="checkbox"/><span class="xfailed">0 expected failures</span>, <input checked="true" class="filter" data-test-result="xpassed" disabled="true" hidden="true" name="filter_checkbox" onChange="filterTable(this)" type="checkbox"/><span class="xpassed">0 unexpected passes</span>
    <h2>Results</h2>
    <table id="results-table">
      <thead id="results-table-head">
        <tr>
          <th class="sortable result initial-sort" col="result">Result</th>
          <th class="sortable" col="name">Test</th>
          <th class="sortable" col="duration">Duration</th>
          <th class="sortable links" col="links">Links</th></tr>
        <tr hidden="true" id="not-found-message">
          <th colspan="4">No results found. Try to check the filters</th></tr></thead>
      <tbody class="error results-table-row">
        <tr>
          <td class="col-result">Error</td>
          <td class="col-name">test_blaze.py::collect</td>
          <td class="col-duration"></td>
          <td class="col-links"></td></tr>
        <tr>
          <td class="extra" colspan="4">
            <div class="log">..\.venv\Lib\site-packages\_pytest\runner.py:341: in from_call<br/>    result: Optional[TResult] = func()<br/>..\.venv\Lib\site-packages\_pytest\runner.py:372: in &lt;lambda&gt;<br/>    call = CallInfo.from_call(lambda: list(collector.collect()), &quot;collect&quot;)<br/>..\.venv\Lib\site-packages\_pytest\python.py:531: in collect<br/>    self._inject_setup_module_fixture()<br/>..\.venv\Lib\site-packages\_pytest\python.py:545: in _inject_setup_module_fixture<br/>    self.obj, (&quot;setUpModule&quot;, &quot;setup_module&quot;)<br/>..\.venv\Lib\site-packages\_pytest\python.py:310: in obj<br/>    self._obj = obj = self._getobj()<br/>..\.venv\Lib\site-packages\_pytest\python.py:528: in _getobj<br/>    return self._importtestmodule()<br/>..\.venv\Lib\site-packages\_pytest\python.py:617: in _importtestmodule<br/>    mod = import_path(self.path, mode=importmode, root=self.config.rootpath)<br/>..\.venv\Lib\site-packages\_pytest\pathlib.py:565: in import_path<br/>    importlib.import_module(module_name)<br/>C:\Program Files\WindowsApps\PythonSoftwareFoundation.Python.3.11_3.11.1264.0_x64__qbz5n2kfra8p0\Lib\importlib\__init__.py:126: in import_module<br/>    return _bootstrap._gcd_import(name[level:], package, level)<br/>&lt;frozen importlib._bootstrap&gt;:1204: in _gcd_import<br/>    ???<br/>&lt;frozen importlib._bootstrap&gt;:1176: in _find_and_load<br/>    ???<br/>&lt;frozen importlib._bootstrap&gt;:1147: in _find_and_load_unlocked<br/>    ???<br/>&lt;frozen importlib._bootstrap&gt;:690: in _load_unlocked<br/>    ???<br/>..\.venv\Lib\site-packages\_pytest\assertion\rewrite.py:178: in exec_module<br/>    exec(co, module.__dict__)<br/>test_blaze.py:2: in &lt;module&gt;<br/>    import blaze_frame_elements<br/>blaze_frame_elements.py:5: in &lt;module&gt;<br/>    driver = webdriver.Chrome()<br/>..\.venv\Lib\site-packages\selenium\webdriver\chrome\webdriver.py:49: in __init__<br/>    super().__init__(<br/>..\.venv\Lib\site-packages\selenium\webdriver\chromium\webdriver.py:54: in __init__<br/>    super().__init__(<br/>..\.venv\Lib\site-packages\selenium\webdriver\remote\webdriver.py:206: in __init__<br/>    self.start_session(capabilities)<br/>..\.venv\Lib\site-packages\selenium\webdriver\remote\webdriver.py:291: in start_session<br/>    response = self.execute(Command.NEW_SESSION, caps)[&quot;value&quot;]<br/>..\.venv\Lib\site-packages\selenium\webdriver\remote\webdriver.py:346: in execute<br/>    self.error_handler.check_response(response)<br/>..\.venv\Lib\site-packages\selenium\webdriver\remote\errorhandler.py:245: in check_response<br/>    raise exception_class(message, screen, stacktrace)<br/><span class="error">E   selenium.common.exceptions.SessionNotCreatedException: Message: session not created: This version of ChromeDriver only supports Chrome version 114</span><br/><span class="error">E   Current browser version is 116.0.5845.97 with binary path C:\Program Files\Google\Chrome\Application\chrome.exe</span><br/><span class="error">E   Stacktrace:</span><br/><span class="error">E   Backtrace:</span><br/><span class="error">E   	GetHandleVerifier [0x00D2A813+48355]</span><br/><span class="error">E   	(No symbol) [0x00CBC4B1]</span><br/><span class="error">E   	(No symbol) [0x00BC5358]</span><br/><span class="error">E   	(No symbol) [0x00BE61AC]</span><br/><span class="error">E   	(No symbol) [0x00BE1EF3]</span><br/><span class="error">E   	(No symbol) [0x00BE0579]</span><br/><span class="error">E   	(No symbol) [0x00C10C55]</span><br/><span class="error">E   	(No symbol) [0x00C1093C]</span><br/><span class="error">E   	(No symbol) [0x00C0A536]</span><br/><span class="error">E   	(No symbol) [0x00BE82DC]</span><br/><span class="error">E   	(No symbol) [0x00BE93DD]</span><br/><span class="error">E   	GetHandleVerifier [0x00F8AABD+2539405]</span><br/><span class="error">E   	GetHandleVerifier [0x00FCA78F+2800735]</span><br/><span class="error">E   	GetHandleVerifier [0x00FC456C+2775612]</span><br/><span class="error">E   	GetHandleVerifier [0x00DB51E0+616112]</span><br/><span class="error">E   	(No symbol) [0x00CC5F8C]</span><br/><span class="error">E   	(No symbol) [0x00CC2328]</span><br/><span class="error">E   	(No symbol) [0x00CC240B]</span><br/><span class="error">E   	(No symbol) [0x00CB4FF7]</span><br/><span class="error">E   	BaseThreadInitThunk [0x76F27D59+25]</span><br/><span class="error">E   	RtlInitializeExceptionChain [0x7762B79B+107]</span><br/><span class="error">E   	RtlClearBits [0x7762B71F+191]</span><br/></div></td></tr></tbody>
      <tbody class="error results-table-row">
        <tr>
          <td class="col-result">Error</td>
          <td class="col-name">test_blaze.py::collect</td>
          <td class="col-duration"></td>
          <td class="col-links"></td></tr>
        <tr>
          <td class="extra" colspan="4">
            <div class="log">..\.venv\Lib\site-packages\_pytest\runner.py:341: in from_call<br/>    result: Optional[TResult] = func()<br/>..\.venv\Lib\site-packages\_pytest\runner.py:372: in &lt;lambda&gt;<br/>    call = CallInfo.from_call(lambda: list(collector.collect()), &quot;collect&quot;)<br/>..\.venv\Lib\site-packages\_pytest\python.py:531: in collect<br/>    self._inject_setup_module_fixture()<br/>..\.venv\Lib\site-packages\_pytest\python.py:545: in _inject_setup_module_fixture<br/>    self.obj, (&quot;setUpModule&quot;, &quot;setup_module&quot;)<br/>..\.venv\Lib\site-packages\_pytest\python.py:310: in obj<br/>    self._obj = obj = self._getobj()<br/>..\.venv\Lib\site-packages\_pytest\python.py:528: in _getobj<br/>    return self._importtestmodule()<br/>..\.venv\Lib\site-packages\_pytest\python.py:617: in _importtestmodule<br/>    mod = import_path(self.path, mode=importmode, root=self.config.rootpath)<br/>..\.venv\Lib\site-packages\_pytest\pathlib.py:565: in import_path<br/>    importlib.import_module(module_name)<br/>C:\Program Files\WindowsApps\PythonSoftwareFoundation.Python.3.11_3.11.1264.0_x64__qbz5n2kfra8p0\Lib\importlib\__init__.py:126: in import_module<br/>    return _bootstrap._gcd_import(name[level:], package, level)<br/>&lt;frozen importlib._bootstrap&gt;:1204: in _gcd_import<br/>    ???<br/>&lt;frozen importlib._bootstrap&gt;:1176: in _find_and_load<br/>    ???<br/>&lt;frozen importlib._bootstrap&gt;:1147: in _find_and_load_unlocked<br/>    ???<br/>&lt;frozen importlib._bootstrap&gt;:690: in _load_unlocked<br/>    ???<br/>..\.venv\Lib\site-packages\_pytest\assertion\rewrite.py:178: in exec_module<br/>    exec(co, module.__dict__)<br/>test_blaze.py:2: in &lt;module&gt;<br/>    import blaze_frame_elements<br/>blaze_frame_elements.py:5: in &lt;module&gt;<br/>    driver = webdriver.Chrome()<br/>..\.venv\Lib\site-packages\selenium\webdriver\chrome\webdriver.py:49: in __init__<br/>    super().__init__(<br/>..\.venv\Lib\site-packages\selenium\webdriver\chromium\webdriver.py:54: in __init__<br/>    super().__init__(<br/>..\.venv\Lib\site-packages\selenium\webdriver\remote\webdriver.py:206: in __init__<br/>    self.start_session(capabilities)<br/>..\.venv\Lib\site-packages\selenium\webdriver\remote\webdriver.py:291: in start_session<br/>    response = self.execute(Command.NEW_SESSION, caps)[&quot;value&quot;]<br/>..\.venv\Lib\site-packages\selenium\webdriver\remote\webdriver.py:346: in execute<br/>    self.error_handler.check_response(response)<br/>..\.venv\Lib\site-packages\selenium\webdriver\remote\errorhandler.py:245: in check_response<br/>    raise exception_class(message, screen, stacktrace)<br/><span class="error">E   selenium.common.exceptions.SessionNotCreatedException: Message: session not created: This version of ChromeDriver only supports Chrome version 114</span><br/><span class="error">E   Current browser version is 116.0.5845.97 with binary path C:\Program Files\Google\Chrome\Application\chrome.exe</span><br/><span class="error">E   Stacktrace:</span><br/><span class="error">E   Backtrace:</span><br/><span class="error">E   	GetHandleVerifier [0x00D2A813+48355]</span><br/><span class="error">E   	(No symbol) [0x00CBC4B1]</span><br/><span class="error">E   	(No symbol) [0x00BC5358]</span><br/><span class="error">E   	(No symbol) [0x00BE61AC]</span><br/><span class="error">E   	(No symbol) [0x00BE1EF3]</span><br/><span class="error">E   	(No symbol) [0x00BE0579]</span><br/><span class="error">E   	(No symbol) [0x00C10C55]</span><br/><span class="error">E   	(No symbol) [0x00C1093C]</span><br/><span class="error">E   	(No symbol) [0x00C0A536]</span><br/><span class="error">E   	(No symbol) [0x00BE82DC]</span><br/><span class="error">E   	(No symbol) [0x00BE93DD]</span><br/><span class="error">E   	GetHandleVerifier [0x00F8AABD+2539405]</span><br/><span class="error">E   	GetHandleVerifier [0x00FCA78F+2800735]</span><br/><span class="error">E   	GetHandleVerifier [0x00FC456C+2775612]</span><br/><span class="error">E   	GetHandleVerifier [0x00DB51E0+616112]</span><br/><span class="error">E   	(No symbol) [0x00CC5F8C]</span><br/><span class="error">E   	(No symbol) [0x00CC2328]</span><br/><span class="error">E   	(No symbol) [0x00CC240B]</span><br/><span class="error">E   	(No symbol) [0x00CB4FF7]</span><br/><span class="error">E   	BaseThreadInitThunk [0x76F27D59+25]</span><br/><span class="error">E   	RtlInitializeExceptionChain [0x7762B79B+107]</span><br/><span class="error">E   	RtlClearBits [0x7762B71F+191]</span><br/></div></td></tr></tbody>
      <tbody class="error results-table-row">
        <tr>
          <td class="col-result">Error</td>
          <td class="col-name">test_blaze.py::collect</td>
          <td class="col-duration"></td>
          <td class="col-links"></td></tr>
        <tr>
          <td class="extra" colspan="4">
            <div class="log">..\.venv\Lib\site-packages\_pytest\runner.py:341: in from_call<br/>    result: Optional[TResult] = func()<br/>..\.venv\Lib\site-packages\_pytest\runner.py:372: in &lt;lambda&gt;<br/>    call = CallInfo.from_call(lambda: list(collector.collect()), &quot;collect&quot;)<br/>..\.venv\Lib\site-packages\_pytest\python.py:531: in collect<br/>    self._inject_setup_module_fixture()<br/>..\.venv\Lib\site-packages\_pytest\python.py:545: in _inject_setup_module_fixture<br/>    self.obj, (&quot;setUpModule&quot;, &quot;setup_module&quot;)<br/>..\.venv\Lib\site-packages\_pytest\python.py:310: in obj<br/>    self._obj = obj = self._getobj()<br/>..\.venv\Lib\site-packages\_pytest\python.py:528: in _getobj<br/>    return self._importtestmodule()<br/>..\.venv\Lib\site-packages\_pytest\python.py:617: in _importtestmodule<br/>    mod = import_path(self.path, mode=importmode, root=self.config.rootpath)<br/>..\.venv\Lib\site-packages\_pytest\pathlib.py:565: in import_path<br/>    importlib.import_module(module_name)<br/>C:\Program Files\WindowsApps\PythonSoftwareFoundation.Python.3.11_3.11.1264.0_x64__qbz5n2kfra8p0\Lib\importlib\__init__.py:126: in import_module<br/>    return _bootstrap._gcd_import(name[level:], package, level)<br/>&lt;frozen importlib._bootstrap&gt;:1204: in _gcd_import<br/>    ???<br/>&lt;frozen importlib._bootstrap&gt;:1176: in _find_and_load<br/>    ???<br/>&lt;frozen importlib._bootstrap&gt;:1147: in _find_and_load_unlocked<br/>    ???<br/>&lt;frozen importlib._bootstrap&gt;:690: in _load_unlocked<br/>    ???<br/>..\.venv\Lib\site-packages\_pytest\assertion\rewrite.py:178: in exec_module<br/>    exec(co, module.__dict__)<br/>test_blaze.py:2: in &lt;module&gt;<br/>    import blaze_frame_elements<br/>blaze_frame_elements.py:5: in &lt;module&gt;<br/>    driver = webdriver.Chrome()<br/>..\.venv\Lib\site-packages\selenium\webdriver\chrome\webdriver.py:49: in __init__<br/>    super().__init__(<br/>..\.venv\Lib\site-packages\selenium\webdriver\chromium\webdriver.py:54: in __init__<br/>    super().__init__(<br/>..\.venv\Lib\site-packages\selenium\webdriver\remote\webdriver.py:206: in __init__<br/>    self.start_session(capabilities)<br/>..\.venv\Lib\site-packages\selenium\webdriver\remote\webdriver.py:291: in start_session<br/>    response = self.execute(Command.NEW_SESSION, caps)[&quot;value&quot;]<br/>..\.venv\Lib\site-packages\selenium\webdriver\remote\webdriver.py:346: in execute<br/>    self.error_handler.check_response(response)<br/>..\.venv\Lib\site-packages\selenium\webdriver\remote\errorhandler.py:245: in check_response<br/>    raise exception_class(message, screen, stacktrace)<br/><span class="error">E   selenium.common.exceptions.SessionNotCreatedException: Message: session not created: This version of ChromeDriver only supports Chrome version 114</span><br/><span class="error">E   Current browser version is 116.0.5845.97 with binary path C:\Program Files\Google\Chrome\Application\chrome.exe</span><br/><span class="error">E   Stacktrace:</span><br/><span class="error">E   Backtrace:</span><br/><span class="error">E   	GetHandleVerifier [0x00D2A813+48355]</span><br/><span class="error">E   	(No symbol) [0x00CBC4B1]</span><br/><span class="error">E   	(No symbol) [0x00BC5358]</span><br/><span class="error">E   	(No symbol) [0x00BE61AC]</span><br/><span class="error">E   	(No symbol) [0x00BE1EF3]</span><br/><span class="error">E   	(No symbol) [0x00BE0579]</span><br/><span class="error">E   	(No symbol) [0x00C10C55]</span><br/><span class="error">E   	(No symbol) [0x00C1093C]</span><br/><span class="error">E   	(No symbol) [0x00C0A536]</span><br/><span class="error">E   	(No symbol) [0x00BE82DC]</span><br/><span class="error">E   	(No symbol) [0x00BE93DD]</span><br/><span class="error">E   	GetHandleVerifier [0x00F8AABD+2539405]</span><br/><span class="error">E   	GetHandleVerifier [0x00FCA78F+2800735]</span><br/><span class="error">E   	GetHandleVerifier [0x00FC456C+2775612]</span><br/><span class="error">E   	GetHandleVerifier [0x00DB51E0+616112]</span><br/><span class="error">E   	(No symbol) [0x00CC5F8C]</span><br/><span class="error">E   	(No symbol) [0x00CC2328]</span><br/><span class="error">E   	(No symbol) [0x00CC240B]</span><br/><span class="error">E   	(No symbol) [0x00CB4FF7]</span><br/><span class="error">E   	BaseThreadInitThunk [0x76F27D59+25]</span><br/><span class="error">E   	RtlInitializeExceptionChain [0x7762B79B+107]</span><br/><span class="error">E   	RtlClearBits [0x7762B71F+191]</span><br/></div></td></tr></tbody>
      <tbody class="error results-table-row">
        <tr>
          <td class="col-result">Error</td>
          <td class="col-name">test_blaze.py::collect</td>
          <td class="col-duration"></td>
          <td class="col-links"></td></tr>
        <tr>
          <td class="extra" colspan="4">
            <div class="log">..\.venv\Lib\site-packages\_pytest\runner.py:341: in from_call<br/>    result: Optional[TResult] = func()<br/>..\.venv\Lib\site-packages\_pytest\runner.py:372: in &lt;lambda&gt;<br/>    call = CallInfo.from_call(lambda: list(collector.collect()), &quot;collect&quot;)<br/>..\.venv\Lib\site-packages\_pytest\python.py:531: in collect<br/>    self._inject_setup_module_fixture()<br/>..\.venv\Lib\site-packages\_pytest\python.py:545: in _inject_setup_module_fixture<br/>    self.obj, (&quot;setUpModule&quot;, &quot;setup_module&quot;)<br/>..\.venv\Lib\site-packages\_pytest\python.py:310: in obj<br/>    self._obj = obj = self._getobj()<br/>..\.venv\Lib\site-packages\_pytest\python.py:528: in _getobj<br/>    return self._importtestmodule()<br/>..\.venv\Lib\site-packages\_pytest\python.py:617: in _importtestmodule<br/>    mod = import_path(self.path, mode=importmode, root=self.config.rootpath)<br/>..\.venv\Lib\site-packages\_pytest\pathlib.py:565: in import_path<br/>    importlib.import_module(module_name)<br/>C:\Program Files\WindowsApps\PythonSoftwareFoundation.Python.3.11_3.11.1264.0_x64__qbz5n2kfra8p0\Lib\importlib\__init__.py:126: in import_module<br/>    return _bootstrap._gcd_import(name[level:], package, level)<br/>&lt;frozen importlib._bootstrap&gt;:1204: in _gcd_import<br/>    ???<br/>&lt;frozen importlib._bootstrap&gt;:1176: in _find_and_load<br/>    ???<br/>&lt;frozen importlib._bootstrap&gt;:1147: in _find_and_load_unlocked<br/>    ???<br/>&lt;frozen importlib._bootstrap&gt;:690: in _load_unlocked<br/>    ???<br/>..\.venv\Lib\site-packages\_pytest\assertion\rewrite.py:178: in exec_module<br/>    exec(co, module.__dict__)<br/>test_blaze.py:2: in &lt;module&gt;<br/>    import blaze_frame_elements<br/>blaze_frame_elements.py:5: in &lt;module&gt;<br/>    driver = webdriver.Chrome()<br/>..\.venv\Lib\site-packages\selenium\webdriver\chrome\webdriver.py:49: in __init__<br/>    super().__init__(<br/>..\.venv\Lib\site-packages\selenium\webdriver\chromium\webdriver.py:54: in __init__<br/>    super().__init__(<br/>..\.venv\Lib\site-packages\selenium\webdriver\remote\webdriver.py:206: in __init__<br/>    self.start_session(capabilities)<br/>..\.venv\Lib\site-packages\selenium\webdriver\remote\webdriver.py:291: in start_session<br/>    response = self.execute(Command.NEW_SESSION, caps)[&quot;value&quot;]<br/>..\.venv\Lib\site-packages\selenium\webdriver\remote\webdriver.py:346: in execute<br/>    self.error_handler.check_response(response)<br/>..\.venv\Lib\site-packages\selenium\webdriver\remote\errorhandler.py:245: in check_response<br/>    raise exception_class(message, screen, stacktrace)<br/><span class="error">E   selenium.common.exceptions.SessionNotCreatedException: Message: session not created: This version of ChromeDriver only supports Chrome version 114</span><br/><span class="error">E   Current browser version is 116.0.5845.97 with binary path C:\Program Files\Google\Chrome\Application\chrome.exe</span><br/><span class="error">E   Stacktrace:</span><br/><span class="error">E   Backtrace:</span><br/><span class="error">E   	GetHandleVerifier [0x00D2A813+48355]</span><br/><span class="error">E   	(No symbol) [0x00CBC4B1]</span><br/><span class="error">E   	(No symbol) [0x00BC5358]</span><br/><span class="error">E   	(No symbol) [0x00BE61AC]</span><br/><span class="error">E   	(No symbol) [0x00BE1EF3]</span><br/><span class="error">E   	(No symbol) [0x00BE0579]</span><br/><span class="error">E   	(No symbol) [0x00C10C55]</span><br/><span class="error">E   	(No symbol) [0x00C1093C]</span><br/><span class="error">E   	(No symbol) [0x00C0A536]</span><br/><span class="error">E   	(No symbol) [0x00BE82DC]</span><br/><span class="error">E   	(No symbol) [0x00BE93DD]</span><br/><span class="error">E   	GetHandleVerifier [0x00F8AABD+2539405]</span><br/><span class="error">E   	GetHandleVerifier [0x00FCA78F+2800735]</span><br/><span class="error">E   	GetHandleVerifier [0x00FC456C+2775612]</span><br/><span class="error">E   	GetHandleVerifier [0x00DB51E0+616112]</span><br/><span class="error">E   	(No symbol) [0x00CC5F8C]</span><br/><span class="error">E   	(No symbol) [0x00CC2328]</span><br/><span class="error">E   	(No symbol) [0x00CC240B]</span><br/><span class="error">E   	(No symbol) [0x00CB4FF7]</span><br/><span class="error">E   	BaseThreadInitThunk [0x76F27D59+25]</span><br/><span class="error">E   	RtlInitializeExceptionChain [0x7762B79B+107]</span><br/><span class="error">E   	RtlClearBits [0x7762B71F+191]</span><br/></div></td></tr></tbody>
      <tbody class="error results-table-row">
        <tr>
          <td class="col-result">Error</td>
          <td class="col-name">test_blaze.py::collect</td>
          <td class="col-duration"></td>
          <td class="col-links"></td></tr>
        <tr>
          <td class="extra" colspan="4">
            <div class="log">..\.venv\Lib\site-packages\_pytest\runner.py:341: in from_call<br/>    result: Optional[TResult] = func()<br/>..\.venv\Lib\site-packages\_pytest\runner.py:372: in &lt;lambda&gt;<br/>    call = CallInfo.from_call(lambda: list(collector.collect()), &quot;collect&quot;)<br/>..\.venv\Lib\site-packages\_pytest\python.py:531: in collect<br/>    self._inject_setup_module_fixture()<br/>..\.venv\Lib\site-packages\_pytest\python.py:545: in _inject_setup_module_fixture<br/>    self.obj, (&quot;setUpModule&quot;, &quot;setup_module&quot;)<br/>..\.venv\Lib\site-packages\_pytest\python.py:310: in obj<br/>    self._obj = obj = self._getobj()<br/>..\.venv\Lib\site-packages\_pytest\python.py:528: in _getobj<br/>    return self._importtestmodule()<br/>..\.venv\Lib\site-packages\_pytest\python.py:617: in _importtestmodule<br/>    mod = import_path(self.path, mode=importmode, root=self.config.rootpath)<br/>..\.venv\Lib\site-packages\_pytest\pathlib.py:565: in import_path<br/>    importlib.import_module(module_name)<br/>C:\Program Files\WindowsApps\PythonSoftwareFoundation.Python.3.11_3.11.1264.0_x64__qbz5n2kfra8p0\Lib\importlib\__init__.py:126: in import_module<br/>    return _bootstrap._gcd_import(name[level:], package, level)<br/>&lt;frozen importlib._bootstrap&gt;:1204: in _gcd_import<br/>    ???<br/>&lt;frozen importlib._bootstrap&gt;:1176: in _find_and_load<br/>    ???<br/>&lt;frozen importlib._bootstrap&gt;:1147: in _find_and_load_unlocked<br/>    ???<br/>&lt;frozen importlib._bootstrap&gt;:690: in _load_unlocked<br/>    ???<br/>..\.venv\Lib\site-packages\_pytest\assertion\rewrite.py:178: in exec_module<br/>    exec(co, module.__dict__)<br/>test_blaze.py:2: in &lt;module&gt;<br/>    import blaze_frame_elements<br/>blaze_frame_elements.py:5: in &lt;module&gt;<br/>    driver = webdriver.Chrome()<br/>..\.venv\Lib\site-packages\selenium\webdriver\chrome\webdriver.py:49: in __init__<br/>    super().__init__(<br/>..\.venv\Lib\site-packages\selenium\webdriver\chromium\webdriver.py:54: in __init__<br/>    super().__init__(<br/>..\.venv\Lib\site-packages\selenium\webdriver\remote\webdriver.py:206: in __init__<br/>    self.start_session(capabilities)<br/>..\.venv\Lib\site-packages\selenium\webdriver\remote\webdriver.py:291: in start_session<br/>    response = self.execute(Command.NEW_SESSION, caps)[&quot;value&quot;]<br/>..\.venv\Lib\site-packages\selenium\webdriver\remote\webdriver.py:346: in execute<br/>    self.error_handler.check_response(response)<br/>..\.venv\Lib\site-packages\selenium\webdriver\remote\errorhandler.py:245: in check_response<br/>    raise exception_class(message, screen, stacktrace)<br/><span class="error">E   selenium.common.exceptions.SessionNotCreatedException: Message: session not created: This version of ChromeDriver only supports Chrome version 114</span><br/><span class="error">E   Current browser version is 116.0.5845.97 with binary path C:\Program Files\Google\Chrome\Application\chrome.exe</span><br/><span class="error">E   Stacktrace:</span><br/><span class="error">E   Backtrace:</span><br/><span class="error">E   	GetHandleVerifier [0x00D2A813+48355]</span><br/><span class="error">E   	(No symbol) [0x00CBC4B1]</span><br/><span class="error">E   	(No symbol) [0x00BC5358]</span><br/><span class="error">E   	(No symbol) [0x00BE61AC]</span><br/><span class="error">E   	(No symbol) [0x00BE1EF3]</span><br/><span class="error">E   	(No symbol) [0x00BE0579]</span><br/><span class="error">E   	(No symbol) [0x00C10C55]</span><br/><span class="error">E   	(No symbol) [0x00C1093C]</span><br/><span class="error">E   	(No symbol) [0x00C0A536]</span><br/><span class="error">E   	(No symbol) [0x00BE82DC]</span><br/><span class="error">E   	(No symbol) [0x00BE93DD]</span><br/><span class="error">E   	GetHandleVerifier [0x00F8AABD+2539405]</span><br/><span class="error">E   	GetHandleVerifier [0x00FCA78F+2800735]</span><br/><span class="error">E   	GetHandleVerifier [0x00FC456C+2775612]</span><br/><span class="error">E   	GetHandleVerifier [0x00DB51E0+616112]</span><br/><span class="error">E   	(No symbol) [0x00CC5F8C]</span><br/><span class="error">E   	(No symbol) [0x00CC2328]</span><br/><span class="error">E   	(No symbol) [0x00CC240B]</span><br/><span class="error">E   	(No symbol) [0x00CB4FF7]</span><br/><span class="error">E   	BaseThreadInitThunk [0x76F27D59+25]</span><br/><span class="error">E   	RtlInitializeExceptionChain [0x7762B79B+107]</span><br/><span class="error">E   	RtlClearBits [0x7762B71F+191]</span><br/></div></td></tr></tbody>
      <tbody class="error results-table-row">
        <tr>
          <td class="col-result">Error</td>
          <td class="col-name">test_blaze.py::collect</td>
          <td class="col-duration"></td>
          <td class="col-links"></td></tr>
        <tr>
          <td class="extra" colspan="4">
            <div class="log">..\.venv\Lib\site-packages\_pytest\runner.py:341: in from_call<br/>    result: Optional[TResult] = func()<br/>..\.venv\Lib\site-packages\_pytest\runner.py:372: in &lt;lambda&gt;<br/>    call = CallInfo.from_call(lambda: list(collector.collect()), &quot;collect&quot;)<br/>..\.venv\Lib\site-packages\_pytest\python.py:531: in collect<br/>    self._inject_setup_module_fixture()<br/>..\.venv\Lib\site-packages\_pytest\python.py:545: in _inject_setup_module_fixture<br/>    self.obj, (&quot;setUpModule&quot;, &quot;setup_module&quot;)<br/>..\.venv\Lib\site-packages\_pytest\python.py:310: in obj<br/>    self._obj = obj = self._getobj()<br/>..\.venv\Lib\site-packages\_pytest\python.py:528: in _getobj<br/>    return self._importtestmodule()<br/>..\.venv\Lib\site-packages\_pytest\python.py:617: in _importtestmodule<br/>    mod = import_path(self.path, mode=importmode, root=self.config.rootpath)<br/>..\.venv\Lib\site-packages\_pytest\pathlib.py:565: in import_path<br/>    importlib.import_module(module_name)<br/>C:\Program Files\WindowsApps\PythonSoftwareFoundation.Python.3.11_3.11.1264.0_x64__qbz5n2kfra8p0\Lib\importlib\__init__.py:126: in import_module<br/>    return _bootstrap._gcd_import(name[level:], package, level)<br/>&lt;frozen importlib._bootstrap&gt;:1204: in _gcd_import<br/>    ???<br/>&lt;frozen importlib._bootstrap&gt;:1176: in _find_and_load<br/>    ???<br/>&lt;frozen importlib._bootstrap&gt;:1147: in _find_and_load_unlocked<br/>    ???<br/>&lt;frozen importlib._bootstrap&gt;:690: in _load_unlocked<br/>    ???<br/>..\.venv\Lib\site-packages\_pytest\assertion\rewrite.py:178: in exec_module<br/>    exec(co, module.__dict__)<br/>test_blaze.py:2: in &lt;module&gt;<br/>    import blaze_frame_elements<br/>blaze_frame_elements.py:5: in &lt;module&gt;<br/>    driver = webdriver.Chrome()<br/>..\.venv\Lib\site-packages\selenium\webdriver\chrome\webdriver.py:49: in __init__<br/>    super().__init__(<br/>..\.venv\Lib\site-packages\selenium\webdriver\chromium\webdriver.py:54: in __init__<br/>    super().__init__(<br/>..\.venv\Lib\site-packages\selenium\webdriver\remote\webdriver.py:206: in __init__<br/>    self.start_session(capabilities)<br/>..\.venv\Lib\site-packages\selenium\webdriver\remote\webdriver.py:291: in start_session<br/>    response = self.execute(Command.NEW_SESSION, caps)[&quot;value&quot;]<br/>..\.venv\Lib\site-packages\selenium\webdriver\remote\webdriver.py:346: in execute<br/>    self.error_handler.check_response(response)<br/>..\.venv\Lib\site-packages\selenium\webdriver\remote\errorhandler.py:245: in check_response<br/>    raise exception_class(message, screen, stacktrace)<br/><span class="error">E   selenium.common.exceptions.SessionNotCreatedException: Message: session not created: This version of ChromeDriver only supports Chrome version 114</span><br/><span class="error">E   Current browser version is 116.0.5845.97 with binary path C:\Program Files\Google\Chrome\Application\chrome.exe</span><br/><span class="error">E   Stacktrace:</span><br/><span class="error">E   Backtrace:</span><br/><span class="error">E   	GetHandleVerifier [0x00D2A813+48355]</span><br/><span class="error">E   	(No symbol) [0x00CBC4B1]</span><br/><span class="error">E   	(No symbol) [0x00BC5358]</span><br/><span class="error">E   	(No symbol) [0x00BE61AC]</span><br/><span class="error">E   	(No symbol) [0x00BE1EF3]</span><br/><span class="error">E   	(No symbol) [0x00BE0579]</span><br/><span class="error">E   	(No symbol) [0x00C10C55]</span><br/><span class="error">E   	(No symbol) [0x00C1093C]</span><br/><span class="error">E   	(No symbol) [0x00C0A536]</span><br/><span class="error">E   	(No symbol) [0x00BE82DC]</span><br/><span class="error">E   	(No symbol) [0x00BE93DD]</span><br/><span class="error">E   	GetHandleVerifier [0x00F8AABD+2539405]</span><br/><span class="error">E   	GetHandleVerifier [0x00FCA78F+2800735]</span><br/><span class="error">E   	GetHandleVerifier [0x00FC456C+2775612]</span><br/><span class="error">E   	GetHandleVerifier [0x00DB51E0+616112]</span><br/><span class="error">E   	(No symbol) [0x00CC5F8C]</span><br/><span class="error">E   	(No symbol) [0x00CC2328]</span><br/><span class="error">E   	(No symbol) [0x00CC240B]</span><br/><span class="error">E   	(No symbol) [0x00CB4FF7]</span><br/><span class="error">E   	BaseThreadInitThunk [0x76F27D59+25]</span><br/><span class="error">E   	RtlInitializeExceptionChain [0x7762B79B+107]</span><br/><span class="error">E   	RtlClearBits [0x7762B71F+191]</span><br/></div></td></tr></tbody></table></body></html>